0 verbose cli /usr/local/bin/node /usr/local/bin/npm
1 info using npm@9.6.5
2 info using node@v16.20.0
3 timing npm:load:whichnode Completed in 2ms
4 timing config:load:defaults Completed in 3ms
5 timing config:load:file:/usr/local/lib/node_modules/npm/npmrc Completed in 1ms
6 timing config:load:builtin Completed in 1ms
7 timing config:load:cli Completed in 3ms
8 timing config:load:env Completed in 1ms
9 timing config:load:project Completed in 76ms
10 timing config:load:file:/home/container/.npmrc Completed in 0ms
11 timing config:load:user Completed in 0ms
12 timing config:load:file:/usr/local/etc/npmrc Completed in 1ms
13 timing config:load:global Completed in 1ms
14 timing config:load:setEnvs Completed in 1ms
15 timing config:load Completed in 87ms
16 timing npm:load:configload Completed in 87ms
17 timing npm:load:mkdirpcache Completed in 0ms
18 timing npm:load:mkdirplogs Completed in 1ms
19 verbose title npm install
20 verbose argv "install"
21 timing npm:load:setTitle Completed in 1ms
22 timing config:load:flatten Completed in 4ms
23 timing npm:load:display Completed in 5ms
24 verbose logfile logs-max:10 dir:/home/container/.npm/_logs/2023-05-07T16_21_20_792Z-
25 verbose logfile /home/container/.npm/_logs/2023-05-07T16_21_20_792Z-debug-0.log
26 timing npm:load:logFile Completed in 11ms
27 timing npm:load:timers Completed in 0ms
28 timing npm:load:configScope Completed in 0ms
29 timing npm:load Completed in 108ms
30 timing arborist:ctor Completed in 1ms
31 silly logfile done cleaning log files
32 timing idealTree:init Completed in 366ms
33 timing idealTree:userRequests Completed in 1ms
34 silly idealTree buildDeps
35 timing idealTree:#root Completed in 0ms
36 timing idealTree:buildDeps Completed in 3ms
37 timing idealTree:fixDepFlags Completed in 0ms
38 timing idealTree Completed in 374ms
39 timing arborist:ctor Completed in 0ms
40 timing reify:loadTrees Completed in 569ms
41 timing reify:diffTrees Completed in 5ms
42 silly reify moves {}
43 timing reify:retireShallow Completed in 2ms
44 timing reify:createSparse Completed in 0ms
45 timing reify:loadBundles Completed in 0ms
46 silly audit bulk request {
46 silly audit   '@discordjs/builders': [ '1.6.3' ],
46 silly audit   '@discordjs/collection': [ '1.5.1' ],
46 silly audit   '@discordjs/formatters': [ '0.3.1' ],
46 silly audit   '@discordjs/rest': [ '1.7.1' ],
46 silly audit   '@discordjs/util': [ '0.3.1' ],
46 silly audit   '@discordjs/ws': [ '0.8.3' ],
46 silly audit   '@sapphire/async-queue': [ '1.5.0' ],
46 silly audit   '@sapphire/shapeshift': [ '3.8.2' ],
46 silly audit   '@sapphire/snowflake': [ '3.4.2' ],
46 silly audit   '@tokenizer/token': [ '0.3.0' ],
46 silly audit   '@types/node': [ '18.15.3' ],
46 silly audit   '@types/webidl-conversions': [ '7.0.0' ],
46 silly audit   '@types/whatwg-url': [ '8.2.2' ],
46 silly audit   '@types/ws': [ '8.5.4' ],
46 silly audit   '@vladfrangu/async_event_emitter': [ '2.2.1' ],
46 silly audit   'ansi-styles': [ '3.2.1' ],
46 silly audit   'ascii-table': [ '0.0.9' ],
46 silly audit   bson: [ '5.2.0' ],
46 silly audit   busboy: [ '1.6.0' ],
46 silly audit   chalk: [ '2.4.1' ],
46 silly audit   'color-convert': [ '1.9.3' ],
46 silly audit   'color-name': [ '1.1.3' ],
46 silly audit   debug: [ '4.3.4' ],
46 silly audit   ms: [ '2.1.2', '2.1.3' ],
46 silly audit   'discord-api-types': [ '0.37.41' ],
46 silly audit   'discord.js': [ '14.11.0' ],
46 silly audit   dotenv: [ '16.0.3' ],
46 silly audit   'escape-string-regexp': [ '1.0.5' ],
46 silly audit   'fast-deep-equal': [ '3.1.3' ],
46 silly audit   'file-type': [ '18.3.0' ],
46 silly audit   'has-flag': [ '3.0.0' ],
46 silly audit   ieee754: [ '1.2.1' ],
46 silly audit   inherits: [ '2.0.4' ],
46 silly audit   ip: [ '2.0.0' ],
46 silly audit   kareem: [ '2.5.1' ],
46 silly audit   lodash: [ '4.17.21' ],
46 silly audit   'lodash.snakecase': [ '4.1.1' ],
46 silly audit   'memory-pager': [ '1.5.0' ],
46 silly audit   mongodb: [ '5.3.0' ],
46 silly audit   'mongodb-connection-string-url': [ '2.6.0' ],
46 silly audit   mongoose: [ '7.1.0' ],
46 silly audit   mpath: [ '0.9.0' ],
46 silly audit   mquery: [ '5.0.0' ],
46 silly audit   'peek-readable': [ '5.0.0' ],
46 silly audit   punycode: [ '2.3.0' ],
46 silly audit   'readable-stream': [ '3.6.2' ],
46 silly audit   'readable-web-to-node-stream': [ '3.0.2' ],
46 silly audit   'safe-buffer': [ '5.2.1' ],
46 silly audit   saslprep: [ '1.0.3' ],
46 silly audit   sift: [ '16.0.1' ],
46 silly audit   'smart-buffer': [ '4.2.0' ],
46 silly audit   socks: [ '2.7.1' ],
46 silly audit   'sparse-bitfield': [ '3.0.3' ],
46 silly audit   streamsearch: [ '1.1.0' ],
46 silly audit   string_decoder: [ '1.3.0' ],
46 silly audit   strtok3: [ '7.0.0' ],
46 silly audit   'supports-color': [ '5.5.0' ],
46 silly audit   'token-types': [ '5.0.1' ],
46 silly audit   tr46: [ '3.0.0' ],
46 silly audit   'ts-mixer': [ '6.0.3' ],
46 silly audit   tslib: [ '2.5.0' ],
46 silly audit   undici: [ '5.22.0' ],
46 silly audit   'util-deprecate': [ '1.0.2' ],
46 silly audit   'webidl-conversions': [ '7.0.0' ],
46 silly audit   'whatwg-url': [ '11.0.0' ],
46 silly audit   ws: [ '8.13.0' ]
46 silly audit }
47 timing reify:unpack Completed in 4ms
48 timing reify:unretire Completed in 0ms
49 timing build:queue Completed in 0ms
50 timing build:deps Completed in 0ms
51 timing build Completed in 1ms
52 timing reify:build Completed in 2ms
53 timing reify:trash Completed in 0ms
54 timing reify:save Completed in 33ms
55 http fetch POST 200 https://registry.npmjs.org/-/npm/v1/security/advisories/bulk 510ms
56 timing auditReport:getReport Completed in 516ms
57 silly audit report {}
58 timing auditReport:init Completed in 0ms
59 timing reify:audit Completed in 517ms
60 timing reify Completed in 1102ms
61 timing command:install Completed in 1119ms
62 verbose exit 0
63 timing npm Completed in 1835ms
64 info ok
