0 verbose cli /usr/local/bin/node /usr/local/bin/npm
1 info using npm@9.6.5
2 info using node@v16.20.0
3 timing npm:load:whichnode Completed in 2ms
4 timing config:load:defaults Completed in 2ms
5 timing config:load:file:/usr/local/lib/node_modules/npm/npmrc Completed in 0ms
6 timing config:load:builtin Completed in 1ms
7 timing config:load:cli Completed in 2ms
8 timing config:load:env Completed in 0ms
9 timing config:load:project Completed in 77ms
10 timing config:load:file:/home/container/.npmrc Completed in 1ms
11 timing config:load:user Completed in 1ms
12 timing config:load:file:/usr/local/etc/npmrc Completed in 0ms
13 timing config:load:global Completed in 0ms
14 timing config:load:setEnvs Completed in 1ms
15 timing config:load Completed in 86ms
16 timing npm:load:configload Completed in 86ms
17 timing npm:load:mkdirpcache Completed in 1ms
18 timing npm:load:mkdirplogs Completed in 0ms
19 verbose title npm install discord.js@latest @discordjs/rest ascii-table discord-api-types ms dotenv chalk@2.4.1 mongoose
20 verbose argv "install" "discord.js@latest" "@discordjs/rest" "ascii-table" "discord-api-types" "ms" "dotenv" "chalk@2.4.1" "mongoose"
21 timing npm:load:setTitle Completed in 2ms
22 timing config:load:flatten Completed in 4ms
23 timing npm:load:display Completed in 5ms
24 verbose logfile logs-max:10 dir:/home/container/.npm/_logs/2023-05-07T16_09_36_894Z-
25 verbose logfile /home/container/.npm/_logs/2023-05-07T16_09_36_894Z-debug-0.log
26 timing npm:load:logFile Completed in 9ms
27 timing npm:load:timers Completed in 0ms
28 timing npm:load:configScope Completed in 0ms
29 timing npm:load Completed in 106ms
30 timing config:load:flatten Completed in 1ms
31 timing arborist:ctor Completed in 1ms
32 silly logfile done cleaning log files
33 timing idealTree:init Completed in 760ms
34 http fetch GET 200 https://registry.npmjs.org/npm 1497ms (cache miss)
35 http fetch GET 200 https://registry.npmjs.org/discord.js 729ms (cache miss)
36 timing idealTree:userRequests Completed in 816ms
37 silly idealTree buildDeps
38 silly fetch manifest @discordjs/rest@*
39 http fetch GET 200 https://registry.npmjs.org/@discordjs%2frest 285ms (cache miss)
40 silly fetch manifest ascii-table@*
41 http fetch GET 200 https://registry.npmjs.org/ascii-table 43ms (cache miss)
42 silly fetch manifest discord-api-types@*
43 http fetch GET 200 https://registry.npmjs.org/discord-api-types 756ms (cache miss)
44 silly fetch manifest ms@*
45 http fetch GET 200 https://registry.npmjs.org/ms 104ms (cache miss)
46 silly fetch manifest dotenv@*
47 http fetch GET 200 https://registry.npmjs.org/dotenv 90ms (cache miss)
48 silly fetch manifest chalk@2.4.1
49 http fetch GET 200 https://registry.npmjs.org/chalk 32ms (cache miss)
50 silly fetch manifest mongoose@*
51 http fetch GET 200 https://registry.npmjs.org/mongoose 67ms (cache miss)
52 silly fetch manifest discord.js@14.11.0
53 silly placeDep ROOT @discordjs/rest@1.7.1 REPLACE for:  want: *
54 silly placeDep ROOT ascii-table@0.0.9 REPLACE for:  want: *
55 silly placeDep ROOT chalk@2.4.1 REPLACE for:  want: 2.4.1
56 silly placeDep ROOT discord-api-types@0.37.41 REPLACE for:  want: *
57 silly placeDep ROOT discord.js@14.11.0 REPLACE for:  want: 14.11.0
58 silly placeDep ROOT dotenv@16.0.3 REPLACE for:  want: *
59 silly placeDep ROOT mongoose@7.1.0 OK for:  want: *
60 silly placeDep ROOT ms@2.1.3 REPLACE for:  want: *
61 silly fetch manifest @discordjs/collection@^1.5.1
62 silly fetch manifest @discordjs/util@^0.3.0
63 silly fetch manifest @sapphire/snowflake@^3.4.2
64 silly fetch manifest @discordjs/builders@^1.6.3
65 silly fetch manifest @discordjs/formatters@^0.3.1
66 silly fetch manifest @discordjs/util@^0.3.1
67 silly fetch manifest @discordjs/ws@^0.8.3
68 silly fetch manifest fast-deep-equal@^3.1.3
69 silly fetch manifest bson@^5.2.0
70 silly fetch manifest kareem@2.5.1
71 silly fetch manifest mongodb@5.3.0
72 silly fetch manifest mpath@0.9.0
73 silly fetch manifest mquery@5.0.0
74 silly fetch manifest sift@16.0.1
75 http fetch GET 200 https://registry.npmjs.org/fast-deep-equal 483ms (cache miss)
76 http fetch GET 200 https://registry.npmjs.org/mpath 481ms (cache miss)
77 http fetch GET 200 https://registry.npmjs.org/mquery 489ms (cache miss)
78 http fetch GET 200 https://registry.npmjs.org/sift 580ms (cache miss)
79 http fetch GET 200 https://registry.npmjs.org/bson 587ms (cache miss)
80 http fetch GET 200 https://registry.npmjs.org/mongodb 694ms (cache miss)
81 http fetch GET 200 https://registry.npmjs.org/@sapphire%2fsnowflake 803ms (cache miss)
82 http fetch GET 200 https://registry.npmjs.org/@discordjs%2fbuilders 893ms (cache miss)
83 http fetch GET 200 https://registry.npmjs.org/kareem 907ms (cache miss)
84 http fetch GET 200 https://registry.npmjs.org/@discordjs%2fcollection 1519ms (cache miss)
85 http fetch GET 200 https://registry.npmjs.org/@discordjs%2futil 1910ms (cache miss)
86 http fetch GET 200 https://registry.npmjs.org/@discordjs%2fformatters 1999ms (cache miss)
87 http fetch GET 200 https://registry.npmjs.org/@discordjs%2futil 2007ms (cache miss)
88 http fetch GET 200 https://registry.npmjs.org/@discordjs%2fws 2016ms (cache miss)
89 timing idealTree:#root Completed in 3678ms
90 silly placeDep ROOT @discordjs/collection@1.5.1 OK for: @discordjs/rest@1.7.1 want: ^1.5.1
91 silly placeDep ROOT @discordjs/util@0.3.1 OK for: @discordjs/rest@1.7.1 want: ^0.3.0
92 silly placeDep ROOT @sapphire/snowflake@3.4.2 OK for: @discordjs/rest@1.7.1 want: ^3.4.2
93 timing idealTree:node_modules/@discordjs/rest Completed in 8ms
94 timing idealTree:node_modules/@discordjs/collection Completed in 0ms
95 timing idealTree:node_modules/@discordjs/util Completed in 0ms
96 timing idealTree:node_modules/@sapphire/snowflake Completed in 0ms
97 timing idealTree:node_modules/ascii-table Completed in 0ms
98 timing idealTree:node_modules/chalk Completed in 0ms
99 timing idealTree:node_modules/discord-api-types Completed in 0ms
100 silly placeDep ROOT @discordjs/builders@1.6.3 OK for: discord.js@14.11.0 want: ^1.6.3
101 silly placeDep ROOT @discordjs/formatters@0.3.1 OK for: discord.js@14.11.0 want: ^0.3.1
102 silly placeDep ROOT @discordjs/ws@0.8.3 OK for: discord.js@14.11.0 want: ^0.8.3
103 silly placeDep ROOT fast-deep-equal@3.1.3 OK for: discord.js@14.11.0 want: ^3.1.3
104 silly fetch manifest @sapphire/shapeshift@^3.8.2
105 silly fetch manifest ts-mixer@^6.0.3
106 silly fetch manifest @vladfrangu/async_event_emitter@^2.2.1
107 http fetch GET 200 https://registry.npmjs.org/ts-mixer 674ms (cache miss)
108 http fetch GET 200 https://registry.npmjs.org/@vladfrangu%2fasync_event_emitter 1593ms (cache miss)
109 http fetch GET 200 https://registry.npmjs.org/@sapphire%2fshapeshift 1600ms (cache miss)
110 timing idealTree:node_modules/discord.js Completed in 1624ms
111 silly placeDep ROOT @sapphire/shapeshift@3.8.2 OK for: @discordjs/builders@1.6.3 want: ^3.8.2
112 silly placeDep ROOT ts-mixer@6.0.3 OK for: @discordjs/builders@1.6.3 want: ^6.0.3
113 silly fetch manifest lodash@^4.17.21
114 http fetch GET 200 https://registry.npmjs.org/lodash 41ms (cache miss)
115 timing idealTree:node_modules/@discordjs/builders Completed in 107ms
116 timing idealTree:node_modules/@discordjs/formatters Completed in 0ms
117 silly placeDep ROOT @vladfrangu/async_event_emitter@2.2.1 OK for: @discordjs/ws@0.8.3 want: ^2.2.1
118 timing idealTree:node_modules/@discordjs/ws Completed in 3ms
119 silly placeDep ROOT lodash@4.17.21 OK for: @sapphire/shapeshift@3.8.2 want: ^4.17.21
120 timing idealTree:node_modules/@sapphire/shapeshift Completed in 2ms
121 timing idealTree:node_modules/@vladfrangu/async_event_emitter Completed in 0ms
122 timing idealTree:node_modules/dotenv Completed in 0ms
123 timing idealTree:node_modules/fast-deep-equal Completed in 0ms
124 timing idealTree:node_modules/lodash Completed in 0ms
125 silly fetch manifest @aws-sdk/credential-providers@^3.201.0
126 http fetch GET 200 https://registry.npmjs.org/@aws-sdk%2fcredential-providers 235ms (cache miss)
127 silly fetch manifest mongodb-client-encryption@>=2.3.0 <3
128 http fetch GET 200 https://registry.npmjs.org/mongodb-client-encryption 103ms (cache miss)
129 silly fetch manifest gcp-metadata@^5.2.0
130 http fetch GET 200 https://registry.npmjs.org/gcp-metadata 129ms (cache miss)
131 silly fetch manifest snappy@^7.2.2
132 http fetch GET 200 https://registry.npmjs.org/snappy 94ms (cache miss)
133 silly placeDep ROOT bson@5.2.0 OK for: mongoose@7.1.0 want: ^5.2.0
134 silly placeDep ROOT kareem@2.5.1 OK for: mongoose@7.1.0 want: 2.5.1
135 silly placeDep ROOT mongodb@5.3.0 OK for: mongoose@7.1.0 want: 5.3.0
136 silly placeDep ROOT mpath@0.9.0 OK for: mongoose@7.1.0 want: 0.9.0
137 silly placeDep ROOT mquery@5.0.0 OK for: mongoose@7.1.0 want: 5.0.0
138 silly placeDep ROOT sift@16.0.1 OK for: mongoose@7.1.0 want: 16.0.1
139 silly fetch manifest mongodb-connection-string-url@^2.6.0
140 silly fetch manifest socks@^2.7.1
141 silly fetch manifest saslprep@^1.0.3
142 silly fetch manifest debug@4.x
143 http fetch GET 200 https://registry.npmjs.org/mongodb-connection-string-url 71ms (cache miss)
144 http fetch GET 200 https://registry.npmjs.org/socks 72ms (cache miss)
145 http fetch GET 200 https://registry.npmjs.org/debug 76ms (cache miss)
146 http fetch GET 200 https://registry.npmjs.org/saslprep 754ms (cache miss)
147 timing idealTree:node_modules/mongoose Completed in 1465ms
148 timing idealTree:node_modules/bson Completed in 0ms
149 timing idealTree:node_modules/kareem Completed in 0ms
150 silly placeDep ROOT mongodb-connection-string-url@2.6.0 OK for: mongodb@5.3.0 want: ^2.6.0
151 silly placeDep ROOT saslprep@1.0.3 OK for: mongodb@5.3.0 want: ^1.0.3
152 silly placeDep ROOT socks@2.7.1 OK for: mongodb@5.3.0 want: ^2.7.1
153 silly fetch manifest @types/whatwg-url@^8.2.1
154 silly fetch manifest whatwg-url@^11.0.0
155 silly fetch manifest sparse-bitfield@^3.0.3
156 silly fetch manifest ip@^2.0.0
157 silly fetch manifest smart-buffer@^4.2.0
158 http fetch GET 200 https://registry.npmjs.org/ip 79ms (cache miss)
159 http fetch GET 200 https://registry.npmjs.org/smart-buffer 79ms (cache miss)
160 http fetch GET 200 https://registry.npmjs.org/sparse-bitfield 84ms (cache miss)
161 http fetch GET 200 https://registry.npmjs.org/@types%2fwhatwg-url 90ms (cache miss)
162 http fetch GET 200 https://registry.npmjs.org/whatwg-url 88ms (cache miss)
163 timing idealTree:node_modules/mongodb Completed in 105ms
164 silly placeDep ROOT @types/whatwg-url@8.2.2 OK for: mongodb-connection-string-url@2.6.0 want: ^8.2.1
165 silly placeDep ROOT whatwg-url@11.0.0 OK for: mongodb-connection-string-url@2.6.0 want: ^11.0.0
166 silly fetch manifest @types/webidl-conversions@*
167 silly fetch manifest tr46@^3.0.0
168 silly fetch manifest webidl-conversions@^7.0.0
169 http fetch GET 200 https://registry.npmjs.org/webidl-conversions 68ms (cache miss)
170 http fetch GET 200 https://registry.npmjs.org/@types%2fwebidl-conversions 77ms (cache miss)
171 http fetch GET 200 https://registry.npmjs.org/tr46 72ms (cache miss)
172 timing idealTree:node_modules/mongodb-connection-string-url Completed in 86ms
173 silly placeDep ROOT @types/webidl-conversions@7.0.0 OK for: @types/whatwg-url@8.2.2 want: *
174 timing idealTree:node_modules/@types/whatwg-url Completed in 2ms
175 timing idealTree:node_modules/@types/webidl-conversions Completed in 0ms
176 timing idealTree:node_modules/mpath Completed in 0ms
177 silly placeDep ROOT debug@4.3.4 OK for: mquery@5.0.0 want: 4.x
178 silly fetch manifest ms@2.1.2
179 timing idealTree:node_modules/mquery Completed in 3ms
180 silly placeDep node_modules/debug ms@2.1.2 OK for: debug@4.3.4 want: 2.1.2
181 timing idealTree:node_modules/debug Completed in 4ms
182 timing idealTree:node_modules/ms Completed in 0ms
183 silly placeDep ROOT sparse-bitfield@3.0.3 OK for: saslprep@1.0.3 want: ^3.0.3
184 silly fetch manifest memory-pager@^1.0.2
185 http fetch GET 200 https://registry.npmjs.org/memory-pager 29ms (cache miss)
186 timing idealTree:node_modules/saslprep Completed in 32ms
187 timing idealTree:node_modules/sift Completed in 1ms
188 silly placeDep ROOT ip@2.0.0 OK for: socks@2.7.1 want: ^2.0.0
189 silly placeDep ROOT smart-buffer@4.2.0 OK for: socks@2.7.1 want: ^4.2.0
190 timing idealTree:node_modules/socks Completed in 7ms
191 timing idealTree:node_modules/ip Completed in 0ms
192 timing idealTree:node_modules/smart-buffer Completed in 0ms
193 silly placeDep ROOT memory-pager@1.5.0 OK for: sparse-bitfield@3.0.3 want: ^1.0.2
194 timing idealTree:node_modules/sparse-bitfield Completed in 43ms
195 timing idealTree:node_modules/memory-pager Completed in 0ms
196 timing idealTree:node_modules/ts-mixer Completed in 0ms
197 silly placeDep ROOT tr46@3.0.0 OK for: whatwg-url@11.0.0 want: ^3.0.0
198 silly placeDep ROOT webidl-conversions@7.0.0 OK for: whatwg-url@11.0.0 want: ^7.0.0
199 silly fetch manifest punycode@^2.1.1
200 http fetch GET 200 https://registry.npmjs.org/punycode 30ms (cache miss)
201 timing idealTree:node_modules/whatwg-url Completed in 36ms
202 silly placeDep ROOT punycode@2.3.0 OK for: tr46@3.0.0 want: ^2.1.1
203 timing idealTree:node_modules/tr46 Completed in 2ms
204 timing idealTree:node_modules/punycode Completed in 0ms
205 timing idealTree:node_modules/webidl-conversions Completed in 0ms
206 timing idealTree:node_modules/debug/node_modules/ms Completed in 0ms
207 timing idealTree:buildDeps Completed in 7213ms
208 timing idealTree:fixDepFlags Completed in 284ms
209 timing idealTree Completed in 9078ms
210 timing reify:loadTrees Completed in 9080ms
211 timing reify:diffTrees Completed in 4ms
212 silly reify moves {}
213 timing reify:retireShallow Completed in 2ms
214 timing reify:createSparse Completed in 74ms
215 timing reify:loadBundles Completed in 0ms
216 silly tarball no local data for punycode@https://registry.npmjs.org/punycode/-/punycode-2.3.0.tgz. Extracting by manifest.
217 silly tarball no local data for smart-buffer@https://registry.npmjs.org/smart-buffer/-/smart-buffer-4.2.0.tgz. Extracting by manifest.
218 silly tarball no local data for tr46@https://registry.npmjs.org/tr46/-/tr46-3.0.0.tgz. Extracting by manifest.
219 silly tarball no local data for webidl-conversions@https://registry.npmjs.org/webidl-conversions/-/webidl-conversions-7.0.0.tgz. Extracting by manifest.
220 silly tarball no local data for ip@https://registry.npmjs.org/ip/-/ip-2.0.0.tgz. Extracting by manifest.
221 silly tarball no local data for sparse-bitfield@https://registry.npmjs.org/sparse-bitfield/-/sparse-bitfield-3.0.3.tgz. Extracting by manifest.
222 silly tarball no local data for debug@https://registry.npmjs.org/debug/-/debug-4.3.4.tgz. Extracting by manifest.
223 silly tarball no local data for whatwg-url@https://registry.npmjs.org/whatwg-url/-/whatwg-url-11.0.0.tgz. Extracting by manifest.
224 silly tarball no local data for @types/webidl-conversions@https://registry.npmjs.org/@types/webidl-conversions/-/webidl-conversions-7.0.0.tgz. Extracting by manifest.
225 silly tarball no local data for socks@https://registry.npmjs.org/socks/-/socks-2.7.1.tgz. Extracting by manifest.
226 silly tarball no local data for @types/whatwg-url@https://registry.npmjs.org/@types/whatwg-url/-/whatwg-url-8.2.2.tgz. Extracting by manifest.
227 silly tarball no local data for memory-pager@https://registry.npmjs.org/memory-pager/-/memory-pager-1.5.0.tgz. Extracting by manifest.
228 silly tarball no local data for saslprep@https://registry.npmjs.org/saslprep/-/saslprep-1.0.3.tgz. Extracting by manifest.
229 silly tarball no local data for mongodb-connection-string-url@https://registry.npmjs.org/mongodb-connection-string-url/-/mongodb-connection-string-url-2.6.0.tgz. Extracting by manifest.
230 silly tarball no local data for sift@https://registry.npmjs.org/sift/-/sift-16.0.1.tgz. Extracting by manifest.
231 silly tarball no local data for mquery@https://registry.npmjs.org/mquery/-/mquery-5.0.0.tgz. Extracting by manifest.
232 silly tarball no local data for mongodb@https://registry.npmjs.org/mongodb/-/mongodb-5.3.0.tgz. Extracting by manifest.
233 silly tarball no local data for kareem@https://registry.npmjs.org/kareem/-/kareem-2.5.1.tgz. Extracting by manifest.
234 silly tarball no local data for mpath@https://registry.npmjs.org/mpath/-/mpath-0.9.0.tgz. Extracting by manifest.
235 silly tarball no local data for @vladfrangu/async_event_emitter@https://registry.npmjs.org/@vladfrangu/async_event_emitter/-/async_event_emitter-2.2.1.tgz. Extracting by manifest.
236 silly tarball no local data for ts-mixer@https://registry.npmjs.org/ts-mixer/-/ts-mixer-6.0.3.tgz. Extracting by manifest.
237 silly tarball no local data for bson@https://registry.npmjs.org/bson/-/bson-5.2.0.tgz. Extracting by manifest.
238 silly tarball no local data for fast-deep-equal@https://registry.npmjs.org/fast-deep-equal/-/fast-deep-equal-3.1.3.tgz. Extracting by manifest.
239 silly tarball no local data for @sapphire/shapeshift@https://registry.npmjs.org/@sapphire/shapeshift/-/shapeshift-3.8.2.tgz. Extracting by manifest.
240 silly tarball no local data for lodash@https://registry.npmjs.org/lodash/-/lodash-4.17.21.tgz. Extracting by manifest.
241 silly tarball no local data for @discordjs/ws@https://registry.npmjs.org/@discordjs/ws/-/ws-0.8.3.tgz. Extracting by manifest.
242 silly tarball no local data for @discordjs/formatters@https://registry.npmjs.org/@discordjs/formatters/-/formatters-0.3.1.tgz. Extracting by manifest.
243 silly tarball no local data for @discordjs/builders@https://registry.npmjs.org/@discordjs/builders/-/builders-1.6.3.tgz. Extracting by manifest.
244 silly tarball no local data for ms@https://registry.npmjs.org/ms/-/ms-2.1.3.tgz. Extracting by manifest.
245 silly tarball no local data for @discordjs/util@https://registry.npmjs.org/@discordjs/util/-/util-0.3.1.tgz. Extracting by manifest.
246 silly tarball no local data for @sapphire/snowflake@https://registry.npmjs.org/@sapphire/snowflake/-/snowflake-3.4.2.tgz. Extracting by manifest.
247 silly tarball no local data for @discordjs/collection@https://registry.npmjs.org/@discordjs/collection/-/collection-1.5.1.tgz. Extracting by manifest.
248 silly tarball no local data for mongoose@https://registry.npmjs.org/mongoose/-/mongoose-7.1.0.tgz. Extracting by manifest.
249 silly tarball no local data for dotenv@https://registry.npmjs.org/dotenv/-/dotenv-16.0.3.tgz. Extracting by manifest.
250 silly tarball no local data for discord.js@https://registry.npmjs.org/discord.js/-/discord.js-14.11.0.tgz. Extracting by manifest.
251 silly tarball no local data for discord-api-types@https://registry.npmjs.org/discord-api-types/-/discord-api-types-0.37.41.tgz. Extracting by manifest.
252 silly tarball no local data for chalk@https://registry.npmjs.org/chalk/-/chalk-2.4.1.tgz. Extracting by manifest.
253 silly tarball no local data for ascii-table@https://registry.npmjs.org/ascii-table/-/ascii-table-0.0.9.tgz. Extracting by manifest.
254 silly tarball no local data for @discordjs/rest@https://registry.npmjs.org/@discordjs/rest/-/rest-1.7.1.tgz. Extracting by manifest.
255 silly tarball no local data for ws@https://registry.npmjs.org/ws/-/ws-8.13.0.tgz. Extracting by manifest.
256 silly tarball no local data for undici@https://registry.npmjs.org/undici/-/undici-5.22.0.tgz. Extracting by manifest.
257 silly tarball no local data for token-types@https://registry.npmjs.org/token-types/-/token-types-5.0.1.tgz. Extracting by manifest.
258 silly tarball no local data for tslib@https://registry.npmjs.org/tslib/-/tslib-2.5.0.tgz. Extracting by manifest.
259 silly tarball no local data for supports-color@https://registry.npmjs.org/supports-color/-/supports-color-5.5.0.tgz. Extracting by manifest.
260 silly tarball no local data for util-deprecate@https://registry.npmjs.org/util-deprecate/-/util-deprecate-1.0.2.tgz. Extracting by manifest.
261 silly tarball no local data for strtok3@https://registry.npmjs.org/strtok3/-/strtok3-7.0.0.tgz. Extracting by manifest.
262 silly tarball no local data for string_decoder@https://registry.npmjs.org/string_decoder/-/string_decoder-1.3.0.tgz. Extracting by manifest.
263 silly tarball no local data for streamsearch@https://registry.npmjs.org/streamsearch/-/streamsearch-1.1.0.tgz. Extracting by manifest.
264 silly tarball no local data for safe-buffer@https://registry.npmjs.org/safe-buffer/-/safe-buffer-5.2.1.tgz. Extracting by manifest.
265 silly tarball no local data for readable-web-to-node-stream@https://registry.npmjs.org/readable-web-to-node-stream/-/readable-web-to-node-stream-3.0.2.tgz. Extracting by manifest.
266 silly tarball no local data for peek-readable@https://registry.npmjs.org/peek-readable/-/peek-readable-5.0.0.tgz. Extracting by manifest.
267 silly tarball no local data for lodash.snakecase@https://registry.npmjs.org/lodash.snakecase/-/lodash.snakecase-4.1.1.tgz. Extracting by manifest.
268 silly tarball no local data for readable-stream@https://registry.npmjs.org/readable-stream/-/readable-stream-3.6.2.tgz. Extracting by manifest.
269 silly tarball no local data for ieee754@https://registry.npmjs.org/ieee754/-/ieee754-1.2.1.tgz. Extracting by manifest.
270 silly tarball no local data for inherits@https://registry.npmjs.org/inherits/-/inherits-2.0.4.tgz. Extracting by manifest.
271 silly tarball no local data for has-flag@https://registry.npmjs.org/has-flag/-/has-flag-3.0.0.tgz. Extracting by manifest.
272 silly tarball no local data for file-type@https://registry.npmjs.org/file-type/-/file-type-18.3.0.tgz. Extracting by manifest.
273 silly tarball no local data for escape-string-regexp@https://registry.npmjs.org/escape-string-regexp/-/escape-string-regexp-1.0.5.tgz. Extracting by manifest.
274 silly tarball no local data for color-convert@https://registry.npmjs.org/color-convert/-/color-convert-1.9.3.tgz. Extracting by manifest.
275 silly tarball no local data for color-name@https://registry.npmjs.org/color-name/-/color-name-1.1.3.tgz. Extracting by manifest.
276 silly tarball no local data for busboy@https://registry.npmjs.org/busboy/-/busboy-1.6.0.tgz. Extracting by manifest.
277 silly tarball no local data for ansi-styles@https://registry.npmjs.org/ansi-styles/-/ansi-styles-3.2.1.tgz. Extracting by manifest.
278 silly tarball no local data for @types/ws@https://registry.npmjs.org/@types/ws/-/ws-8.5.4.tgz. Extracting by manifest.
279 silly tarball no local data for @types/node@https://registry.npmjs.org/@types/node/-/node-18.15.3.tgz. Extracting by manifest.
280 silly tarball no local data for @tokenizer/token@https://registry.npmjs.org/@tokenizer/token/-/token-0.3.0.tgz. Extracting by manifest.
281 silly tarball no local data for @sapphire/async-queue@https://registry.npmjs.org/@sapphire/async-queue/-/async-queue-1.5.0.tgz. Extracting by manifest.
282 silly tarball no local data for ms@https://registry.npmjs.org/ms/-/ms-2.1.2.tgz. Extracting by manifest.
283 http fetch GET 200 https://registry.npmjs.org/debug/-/debug-4.3.4.tgz 2374ms (cache miss)
284 timing reifyNode:node_modules/debug Completed in 2496ms
285 http fetch GET 200 https://registry.npmjs.org/mpath/-/mpath-0.9.0.tgz 2309ms (cache miss)
286 http fetch GET 200 https://registry.npmjs.org/@types/webidl-conversions/-/webidl-conversions-7.0.0.tgz 2389ms (cache miss)
287 timing reifyNode:node_modules/@types/webidl-conversions Completed in 2511ms
288 http fetch GET 200 https://registry.npmjs.org/punycode/-/punycode-2.3.0.tgz 2409ms (cache miss)
289 timing reifyNode:node_modules/punycode Completed in 2524ms
290 http fetch GET 200 https://registry.npmjs.org/webidl-conversions/-/webidl-conversions-7.0.0.tgz 2404ms (cache miss)
291 timing reifyNode:node_modules/webidl-conversions Completed in 2524ms
292 http fetch GET 200 https://registry.npmjs.org/ip/-/ip-2.0.0.tgz 2404ms (cache miss)
293 timing reifyNode:node_modules/ip Completed in 2524ms
294 http fetch GET 200 https://registry.npmjs.org/fast-deep-equal/-/fast-deep-equal-3.1.3.tgz 2401ms (cache miss)
295 http fetch GET 200 https://registry.npmjs.org/sparse-bitfield/-/sparse-bitfield-3.0.3.tgz 2575ms (cache miss)
296 timing reifyNode:node_modules/sparse-bitfield Completed in 2695ms
297 http fetch GET 200 https://registry.npmjs.org/ms/-/ms-2.1.3.tgz 2484ms (cache miss)
298 timing reifyNode:node_modules/ms Completed in 2695ms
299 http fetch GET 200 https://registry.npmjs.org/@discordjs/util/-/util-0.3.1.tgz 2483ms (cache miss)
300 http fetch GET 200 https://registry.npmjs.org/@types/whatwg-url/-/whatwg-url-8.2.2.tgz 2669ms (cache miss)
301 http fetch GET 200 https://registry.npmjs.org/token-types/-/token-types-5.0.1.tgz 2505ms (cache miss)
302 timing reifyNode:node_modules/token-types Completed in 2791ms
303 http fetch GET 200 https://registry.npmjs.org/supports-color/-/supports-color-5.5.0.tgz 2503ms (cache miss)
304 timing reifyNode:node_modules/supports-color Completed in 2792ms
305 http fetch GET 200 https://registry.npmjs.org/@sapphire/snowflake/-/snowflake-3.4.2.tgz 2581ms (cache miss)
306 http fetch GET 200 https://registry.npmjs.org/kareem/-/kareem-2.5.1.tgz 2797ms (cache miss)
307 timing reifyNode:node_modules/kareem Completed in 2992ms
308 http fetch GET 200 https://registry.npmjs.org/memory-pager/-/memory-pager-1.5.0.tgz 2870ms (cache miss)
309 timing reifyNode:node_modules/memory-pager Completed in 2998ms
310 timing reifyNode:node_modules/@discordjs/util Completed in 2993ms
311 http fetch GET 200 https://registry.npmjs.org/chalk/-/chalk-2.4.1.tgz 2771ms (cache miss)
312 timing reifyNode:node_modules/chalk Completed in 2993ms
313 http fetch GET 200 https://registry.npmjs.org/ascii-table/-/ascii-table-0.0.9.tgz 2771ms (cache miss)
314 http fetch GET 200 https://registry.npmjs.org/util-deprecate/-/util-deprecate-1.0.2.tgz 2706ms (cache miss)
315 timing reifyNode:node_modules/util-deprecate Completed in 2996ms
316 timing reifyNode:node_modules/fast-deep-equal Completed in 3006ms
317 http fetch GET 200 https://registry.npmjs.org/mongodb-connection-string-url/-/mongodb-connection-string-url-2.6.0.tgz 2818ms (cache miss)
318 timing reifyNode:node_modules/@types/whatwg-url Completed in 3010ms
319 http fetch GET 200 https://registry.npmjs.org/tslib/-/tslib-2.5.0.tgz 2722ms (cache miss)
320 http fetch GET 200 https://registry.npmjs.org/inherits/-/inherits-2.0.4.tgz 2620ms (cache miss)
321 timing reifyNode:node_modules/inherits Completed in 3008ms
322 http fetch GET 200 https://registry.npmjs.org/peek-readable/-/peek-readable-5.0.0.tgz 2712ms (cache miss)
323 http fetch GET 200 https://registry.npmjs.org/string_decoder/-/string_decoder-1.3.0.tgz 2793ms (cache miss)
324 timing reifyNode:node_modules/string_decoder Completed in 3085ms
325 http fetch GET 200 https://registry.npmjs.org/readable-web-to-node-stream/-/readable-web-to-node-stream-3.0.2.tgz 2789ms (cache miss)
326 timing reifyNode:node_modules/readable-web-to-node-stream Completed in 3085ms
327 http fetch GET 200 https://registry.npmjs.org/safe-buffer/-/safe-buffer-5.2.1.tgz 2792ms (cache miss)
328 timing reifyNode:node_modules/safe-buffer Completed in 3086ms
329 http fetch GET 200 https://registry.npmjs.org/escape-string-regexp/-/escape-string-regexp-1.0.5.tgz 2599ms (cache miss)
330 timing reifyNode:node_modules/escape-string-regexp Completed in 3086ms
331 http fetch GET 200 https://registry.npmjs.org/color-convert/-/color-convert-1.9.3.tgz 2599ms (cache miss)
332 timing reifyNode:node_modules/color-convert Completed in 3087ms
333 http fetch GET 200 https://registry.npmjs.org/streamsearch/-/streamsearch-1.1.0.tgz 2803ms (cache miss)
334 http fetch GET 200 https://registry.npmjs.org/lodash.snakecase/-/lodash.snakecase-4.1.1.tgz 2795ms (cache miss)
335 timing reifyNode:node_modules/lodash.snakecase Completed in 3097ms
336 http fetch GET 200 https://registry.npmjs.org/ieee754/-/ieee754-1.2.1.tgz 2711ms (cache miss)
337 timing reifyNode:node_modules/ieee754 Completed in 3097ms
338 http fetch GET 200 https://registry.npmjs.org/ms/-/ms-2.1.2.tgz 2601ms (cache miss)
339 timing reifyNode:node_modules/debug/node_modules/ms Completed in 3105ms
340 timing reifyNode:node_modules/mongodb-connection-string-url Completed in 3107ms
341 http fetch GET 200 https://registry.npmjs.org/has-flag/-/has-flag-3.0.0.tgz 2716ms (cache miss)
342 timing reifyNode:node_modules/has-flag Completed in 3105ms
343 http fetch GET 200 https://registry.npmjs.org/ansi-styles/-/ansi-styles-3.2.1.tgz 2615ms (cache miss)
344 timing reifyNode:node_modules/ansi-styles Completed in 3107ms
345 http fetch GET 200 https://registry.npmjs.org/color-name/-/color-name-1.1.3.tgz 2618ms (cache miss)
346 timing reifyNode:node_modules/color-name Completed in 3107ms
347 http fetch GET 200 https://registry.npmjs.org/@sapphire/async-queue/-/async-queue-1.5.0.tgz 2611ms (cache miss)
348 http fetch GET 200 https://registry.npmjs.org/tr46/-/tr46-3.0.0.tgz 2999ms (cache miss)
349 timing reifyNode:node_modules/mpath Completed in 3114ms
350 timing reifyNode:node_modules/streamsearch Completed in 3114ms
351 http fetch GET 200 https://registry.npmjs.org/file-type/-/file-type-18.3.0.tgz 2703ms (cache miss)
352 timing reifyNode:node_modules/peek-readable Completed in 3189ms
353 http fetch GET 200 https://registry.npmjs.org/@types/ws/-/ws-8.5.4.tgz 2697ms (cache miss)
354 timing reifyNode:node_modules/@types/ws Completed in 3190ms
355 http fetch GET 200 https://registry.npmjs.org/@discordjs/formatters/-/formatters-0.3.1.tgz 2993ms (cache miss)
356 timing reifyNode:node_modules/tr46 Completed in 3206ms
357 timing reifyNode:node_modules/tslib Completed in 3208ms
358 timing reifyNode:node_modules/file-type Completed in 3206ms
359 timing reifyNode:node_modules/@sapphire/snowflake Completed in 3210ms
360 timing reifyNode:node_modules/ascii-table Completed in 3212ms
361 timing reifyNode:node_modules/@discordjs/formatters Completed in 3215ms
362 http fetch GET 200 https://registry.npmjs.org/whatwg-url/-/whatwg-url-11.0.0.tgz 3097ms (cache miss)
363 http fetch GET 200 https://registry.npmjs.org/mquery/-/mquery-5.0.0.tgz 3095ms (cache miss)
364 http fetch GET 200 https://registry.npmjs.org/@vladfrangu/async_event_emitter/-/async_event_emitter-2.2.1.tgz 3099ms (cache miss)
365 timing reifyNode:node_modules/@sapphire/async-queue Completed in 3301ms
366 http fetch GET 200 https://registry.npmjs.org/smart-buffer/-/smart-buffer-4.2.0.tgz 3274ms (cache miss)
367 timing reifyNode:node_modules/whatwg-url Completed in 3389ms
368 timing reifyNode:node_modules/mquery Completed in 3388ms
369 timing reifyNode:node_modules/@vladfrangu/async_event_emitter Completed in 3392ms
370 http fetch GET 200 https://registry.npmjs.org/@tokenizer/token/-/token-0.3.0.tgz 2896ms (cache miss)
371 timing reifyNode:node_modules/@tokenizer/token Completed in 3391ms
372 http fetch GET 200 https://registry.npmjs.org/dotenv/-/dotenv-16.0.3.tgz 3178ms (cache miss)
373 timing reifyNode:node_modules/dotenv Completed in 3396ms
374 timing reifyNode:node_modules/smart-buffer Completed in 3403ms
375 http fetch GET 200 https://registry.npmjs.org/ws/-/ws-8.13.0.tgz 3181ms (cache miss)
376 http fetch GET 200 https://registry.npmjs.org/@discordjs/collection/-/collection-1.5.1.tgz 3193ms (cache miss)
377 timing reifyNode:node_modules/@discordjs/collection Completed in 3409ms
378 http fetch GET 200 https://registry.npmjs.org/strtok3/-/strtok3-7.0.0.tgz 3116ms (cache miss)
379 timing reifyNode:node_modules/strtok3 Completed in 3407ms
380 timing reifyNode:node_modules/ws Completed in 3493ms
381 http fetch GET 200 https://registry.npmjs.org/readable-stream/-/readable-stream-3.6.2.tgz 3115ms (cache miss)
382 timing reifyNode:node_modules/readable-stream Completed in 3505ms
383 http fetch GET 200 https://registry.npmjs.org/ts-mixer/-/ts-mixer-6.0.3.tgz 3316ms (cache miss)
384 http fetch GET 200 https://registry.npmjs.org/@discordjs/rest/-/rest-1.7.1.tgz 3360ms (cache miss)
385 timing reifyNode:node_modules/ts-mixer Completed in 3594ms
386 timing reifyNode:node_modules/@discordjs/rest Completed in 3594ms
387 http fetch GET 200 https://registry.npmjs.org/busboy/-/busboy-1.6.0.tgz 3106ms (cache miss)
388 http fetch GET 200 https://registry.npmjs.org/@discordjs/builders/-/builders-1.6.3.tgz 3394ms (cache miss)
389 timing reifyNode:node_modules/busboy Completed in 3602ms
390 timing reifyNode:node_modules/@discordjs/builders Completed in 3611ms
391 http fetch GET 200 https://registry.npmjs.org/saslprep/-/saslprep-1.0.3.tgz 3512ms (cache miss)
392 timing reifyNode:node_modules/saslprep Completed in 3701ms
393 http fetch GET 200 https://registry.npmjs.org/socks/-/socks-2.7.1.tgz 3682ms (cache miss)
394 timing reifyNode:node_modules/socks Completed in 3814ms
395 http fetch GET 200 https://registry.npmjs.org/@discordjs/ws/-/ws-0.8.3.tgz 3787ms (cache miss)
396 timing reifyNode:node_modules/@discordjs/ws Completed in 3994ms
397 http fetch GET 200 https://registry.npmjs.org/@sapphire/shapeshift/-/shapeshift-3.8.2.tgz 3795ms (cache miss)
398 timing reifyNode:node_modules/@sapphire/shapeshift Completed in 3999ms
399 http fetch GET 200 https://registry.npmjs.org/sift/-/sift-16.0.1.tgz 3823ms (cache miss)
400 timing reifyNode:node_modules/sift Completed in 4093ms
401 http fetch GET 200 https://registry.npmjs.org/bson/-/bson-5.2.0.tgz 4095ms (cache miss)
402 timing reifyNode:node_modules/bson Completed in 4299ms
403 http fetch GET 200 https://registry.npmjs.org/undici/-/undici-5.22.0.tgz 5277ms (cache miss)
404 timing reifyNode:node_modules/undici Completed in 5504ms
405 http fetch GET 200 https://registry.npmjs.org/@types/node/-/node-18.15.3.tgz 5702ms (cache miss)
406 timing reifyNode:node_modules/@types/node Completed in 6198ms
407 http fetch GET 200 https://registry.npmjs.org/discord.js/-/discord.js-14.11.0.tgz 6668ms (cache miss)
408 timing reifyNode:node_modules/discord.js Completed in 6889ms
409 http fetch GET 200 https://registry.npmjs.org/mongoose/-/mongoose-7.1.0.tgz 6974ms (cache miss)
410 timing reifyNode:node_modules/mongoose Completed in 7192ms
411 http fetch GET 200 https://registry.npmjs.org/mongodb/-/mongodb-5.3.0.tgz 7111ms (cache miss)
412 timing reifyNode:node_modules/mongodb Completed in 7305ms
413 http fetch GET 200 https://registry.npmjs.org/lodash/-/lodash-4.17.21.tgz 7905ms (cache miss)
414 timing reifyNode:node_modules/lodash Completed in 8111ms
415 http fetch GET 200 https://registry.npmjs.org/discord-api-types/-/discord-api-types-0.37.41.tgz 7984ms (cache miss)
416 timing reifyNode:node_modules/discord-api-types Completed in 8207ms
417 timing reify:unpack Completed in 8213ms
418 timing reify:unretire Completed in 0ms
419 timing build:queue Completed in 3ms
420 timing build:deps Completed in 3ms
421 timing build Completed in 4ms
422 timing reify:build Completed in 4ms
423 timing reify:trash Completed in 0ms
424 timing reify:save Completed in 108ms
425 timing reify Completed in 17670ms
426 silly ADD node_modules/punycode
427 silly ADD node_modules/webidl-conversions
428 silly ADD node_modules/tr46
429 silly ADD node_modules/memory-pager
430 silly ADD node_modules/smart-buffer
431 silly ADD node_modules/ip
432 silly ADD node_modules/sparse-bitfield
433 silly ADD node_modules/debug
434 silly ADD node_modules/debug/node_modules/ms
435 silly ADD node_modules/@types/webidl-conversions
436 silly ADD node_modules/whatwg-url
437 silly ADD node_modules/@types/whatwg-url
438 silly ADD node_modules/socks
439 silly ADD node_modules/saslprep
440 silly ADD node_modules/mongodb-connection-string-url
441 silly ADD node_modules/sift
442 silly ADD node_modules/mquery
443 silly ADD node_modules/mpath
444 silly ADD node_modules/mongodb
445 silly ADD node_modules/kareem
446 silly ADD node_modules/bson
447 silly ADD node_modules/lodash
448 silly ADD node_modules/@vladfrangu/async_event_emitter
449 silly ADD node_modules/ts-mixer
450 silly ADD node_modules/@sapphire/shapeshift
451 silly ADD node_modules/fast-deep-equal
452 silly ADD node_modules/@discordjs/ws
453 silly ADD node_modules/@discordjs/formatters
454 silly ADD node_modules/@discordjs/builders
455 silly ADD node_modules/@sapphire/snowflake
456 silly ADD node_modules/@discordjs/util
457 silly ADD node_modules/@discordjs/collection
458 silly ADD node_modules/ms
459 silly ADD node_modules/mongoose
460 silly ADD node_modules/dotenv
461 silly ADD node_modules/discord.js
462 silly ADD node_modules/discord-api-types
463 silly ADD node_modules/chalk
464 silly ADD node_modules/ascii-table
465 silly ADD node_modules/@discordjs/rest
466 silly ADD node_modules/ws
467 silly ADD node_modules/util-deprecate
468 silly ADD node_modules/undici
469 silly ADD node_modules/tslib
470 silly ADD node_modules/token-types
471 silly ADD node_modules/supports-color
472 silly ADD node_modules/strtok3
473 silly ADD node_modules/string_decoder
474 silly ADD node_modules/streamsearch
475 silly ADD node_modules/safe-buffer
476 silly ADD node_modules/readable-web-to-node-stream
477 silly ADD node_modules/readable-stream
478 silly ADD node_modules/peek-readable
479 silly ADD node_modules/lodash.snakecase
480 silly ADD node_modules/inherits
481 silly ADD node_modules/ieee754
482 silly ADD node_modules/has-flag
483 silly ADD node_modules/file-type
484 silly ADD node_modules/escape-string-regexp
485 silly ADD node_modules/color-name
486 silly ADD node_modules/color-convert
487 silly ADD node_modules/busboy
488 silly ADD node_modules/ansi-styles
489 silly ADD node_modules/@types/ws
490 silly ADD node_modules/@types/node
491 silly ADD node_modules/@tokenizer/token
492 silly ADD node_modules/@sapphire/async-queue
493 timing command:install Completed in 17683ms
494 notice
494 notice New [32mpatch[39m version of npm available! [31m9.6.5[39m -> [32m9.6.6[39m
494 notice Changelog: [36mhttps://github.com/npm/cli/releases/tag/v9.6.6[39m
494 notice Run [32mnpm install -g npm@9.6.6[39m to update!
494 notice
495 verbose exit 0
496 timing npm Completed in 18411ms
497 info ok
