0 verbose cli /usr/local/bin/node /usr/local/bin/npm
1 info using npm@9.6.6
2 info using node@v16.20.0
3 timing npm:load:whichnode Completed in 3ms
4 timing config:load:defaults Completed in 3ms
5 timing config:load:file:/usr/local/lib/node_modules/npm/npmrc Completed in 1ms
6 timing config:load:builtin Completed in 1ms
7 timing config:load:cli Completed in 4ms
8 timing config:load:env Completed in 0ms
9 timing config:load:project Completed in 74ms
10 timing config:load:file:/home/container/.npmrc Completed in 0ms
11 timing config:load:user Completed in 0ms
12 timing config:load:file:/usr/local/etc/npmrc Completed in 0ms
13 timing config:load:global Completed in 0ms
14 timing config:load:setEnvs Completed in 2ms
15 timing config:load Completed in 86ms
16 timing npm:load:configload Completed in 86ms
17 timing npm:load:mkdirpcache Completed in 1ms
18 timing npm:load:mkdirplogs Completed in 0ms
19 verbose title npm install
20 verbose argv "install"
21 timing npm:load:setTitle Completed in 2ms
22 timing config:load:flatten Completed in 5ms
23 timing npm:load:display Completed in 6ms
24 verbose logfile logs-max:10 dir:/home/container/.npm/_logs/2023-05-17T13_57_27_591Z-
25 verbose logfile /home/container/.npm/_logs/2023-05-17T13_57_27_591Z-debug-0.log
26 timing npm:load:logFile Completed in 15ms
27 timing npm:load:timers Completed in 0ms
28 timing npm:load:configScope Completed in 0ms
29 timing npm:load Completed in 114ms
30 timing arborist:ctor Completed in 1ms
31 silly logfile start cleaning logs, removing 1 files
32 silly logfile done cleaning log files
33 timing idealTree:init Completed in 282ms
34 timing idealTree:userRequests Completed in 1ms
35 silly idealTree buildDeps
36 timing idealTree:#root Completed in 1ms
37 timing idealTree:buildDeps Completed in 1ms
38 timing idealTree:fixDepFlags Completed in 1ms
39 timing idealTree Completed in 287ms
40 timing arborist:ctor Completed in 1ms
41 timing reify:loadTrees Completed in 379ms
42 timing reify:diffTrees Completed in 5ms
43 silly reify moves {}
44 timing reify:retireShallow Completed in 2ms
45 timing reify:createSparse Completed in 0ms
46 timing reify:loadBundles Completed in 0ms
47 silly audit bulk request {
47 silly audit   '@discordjs/builders': [ '1.6.3' ],
47 silly audit   '@discordjs/collection': [ '1.5.1' ],
47 silly audit   '@discordjs/formatters': [ '0.3.1' ],
47 silly audit   '@discordjs/rest': [ '1.7.1' ],
47 silly audit   '@discordjs/util': [ '0.3.1' ],
47 silly audit   '@discordjs/ws': [ '0.8.3' ],
47 silly audit   '@sapphire/async-queue': [ '1.5.0' ],
47 silly audit   '@sapphire/shapeshift': [ '3.8.2' ],
47 silly audit   '@sapphire/snowflake': [ '3.4.2' ],
47 silly audit   '@tokenizer/token': [ '0.3.0' ],
47 silly audit   '@types/node': [ '18.15.3' ],
47 silly audit   '@types/webidl-conversions': [ '7.0.0' ],
47 silly audit   '@types/whatwg-url': [ '8.2.2' ],
47 silly audit   '@types/ws': [ '8.5.4' ],
47 silly audit   '@vladfrangu/async_event_emitter': [ '2.2.1' ],
47 silly audit   'ansi-styles': [ '3.2.1' ],
47 silly audit   'ascii-table': [ '0.0.9' ],
47 silly audit   bson: [ '5.3.0' ],
47 silly audit   busboy: [ '1.6.0' ],
47 silly audit   chalk: [ '2.4.1' ],
47 silly audit   'color-convert': [ '1.9.3' ],
47 silly audit   'color-name': [ '1.1.3' ],
47 silly audit   debug: [ '4.3.4' ],
47 silly audit   ms: [ '2.1.2', '2.1.3' ],
47 silly audit   'discord-api-types': [ '0.37.41' ],
47 silly audit   'discord.js': [ '14.11.0' ],
47 silly audit   dotenv: [ '16.0.3' ],
47 silly audit   'escape-string-regexp': [ '1.0.5' ],
47 silly audit   'fast-deep-equal': [ '3.1.3' ],
47 silly audit   'file-type': [ '18.3.0' ],
47 silly audit   'has-flag': [ '3.0.0' ],
47 silly audit   ieee754: [ '1.2.1' ],
47 silly audit   inherits: [ '2.0.4' ],
47 silly audit   ip: [ '2.0.0' ],
47 silly audit   kareem: [ '2.5.1' ],
47 silly audit   lodash: [ '4.17.21' ],
47 silly audit   'lodash.snakecase': [ '4.1.1' ],
47 silly audit   'memory-pager': [ '1.5.0' ],
47 silly audit   mongodb: [ '5.5.0', '5.3.0' ],
47 silly audit   'mongodb-connection-string-url': [ '2.6.0' ],
47 silly audit   mongoose: [ '7.1.0' ],
47 silly audit   mpath: [ '0.9.0' ],
47 silly audit   mquery: [ '5.0.0' ],
47 silly audit   'peek-readable': [ '5.0.0' ],
47 silly audit   punycode: [ '2.3.0' ],
47 silly audit   'readable-stream': [ '3.6.2' ],
47 silly audit   'readable-web-to-node-stream': [ '3.0.2' ],
47 silly audit   'safe-buffer': [ '5.2.1' ],
47 silly audit   saslprep: [ '1.0.3' ],
47 silly audit   sift: [ '16.0.1' ],
47 silly audit   'smart-buffer': [ '4.2.0' ],
47 silly audit   socks: [ '2.7.1' ],
47 silly audit   'sparse-bitfield': [ '3.0.3' ],
47 silly audit   streamsearch: [ '1.1.0' ],
47 silly audit   string_decoder: [ '1.3.0' ],
47 silly audit   strtok3: [ '7.0.0' ],
47 silly audit   'supports-color': [ '5.5.0' ],
47 silly audit   'token-types': [ '5.0.1' ],
47 silly audit   tr46: [ '3.0.0' ],
47 silly audit   'ts-mixer': [ '6.0.3' ],
47 silly audit   tslib: [ '2.5.0' ],
47 silly audit   undici: [ '5.22.0' ],
47 silly audit   'util-deprecate': [ '1.0.2' ],
47 silly audit   'webidl-conversions': [ '7.0.0' ],
47 silly audit   'whatwg-url': [ '11.0.0' ],
47 silly audit   ws: [ '8.13.0' ]
47 silly audit }
48 timing reify:unpack Completed in 4ms
49 timing reify:unretire Completed in 0ms
50 timing build:queue Completed in 0ms
51 timing build:deps Completed in 1ms
52 timing build Completed in 1ms
53 timing reify:build Completed in 1ms
54 timing reify:trash Completed in 0ms
55 timing reify:save Completed in 96ms
56 http fetch POST 200 https://registry.npmjs.org/-/npm/v1/security/advisories/bulk 416ms
57 timing auditReport:getReport Completed in 422ms
58 silly audit report {}
59 timing auditReport:init Completed in 0ms
60 timing reify:audit Completed in 423ms
61 timing reify Completed in 903ms
62 timing command:install Completed in 922ms
63 verbose exit 0
64 timing npm Completed in 1834ms
65 info ok
